
ROM used: 1206 (15%)
          1206 (15%) including unused fragments

          2 Average locations per line
          14 Average locations per statement

RAM used: 22 (6%) at main() level
          45 (12%) worst case

Stack used: 4 worst case (out of 8 total available)

Lines Stmts  %   Files
----- ----- ---  -----
   40    23  27  _adc3.c
  308     0   0  ..\..\..\..\..\..\PROGRA~1\PICC\devices\16F877a.h
  168    63  73  ..\..\..\..\..\..\PROGRA~1\PICC\drivers\lcd.c
----- -----
  516    86 Total

Page ROM  %  RAM   Vol Diff  Functions:
---- --- --- ---   --- ----  ----------
0     21   2   1             @delay_ms1
0      8   1   0             @const60
 Inline        3   463  4.3  lcd_read_byte
0     12   1   1   134  2.2  lcd_send_nibble
0     58   5   3   317  4.3  lcd_send_byte
0     44   4   2   422  4.7  lcd_init
 Inline        4   186  5.5  lcd_gotoxy
0     53   4   1   272  4.1  lcd_putc
0    221  18   4   541  5.1  MAIN
0     29   2   2             @ITOF
0    204  17  14             @DIVFF
0    117  10  13             @MULFF
0     65   5  10             @FLT
0     36   3   0             @const105
0     33   3   5             @FTOSD
0     66   5  13             @DIV3232
0    204  17  13             @PRINTF_L32D_80FPFPF
0     31   3   4             @SFTOI

Program metrics:
    Functions               7
    Statements              86
    Comments                123
    Volume (V)              3545
    Difficilty (D)          28.7
    Effort to implement (E) 101584
    Time to implement (T)   1 hours, 34 minutes
    Est Delivered Bugs (B)  1
    Cyclomatic Complexity   10
    Maintainability (MI)    108

 Segment     Used  Free
-----------  ----  ----
00000-00003     4  0  
00004-007FF  1202  842  
00800-00FFF     0  2048  
01000-017FF     0  2048  
01800-01FFF     0  2048  



THE FOLLOWING IS TEMPORARY FOR DIAGNOSTIC USE ONLY:

    n1    n2    N1    N2   v(G)
     0     1     0     0     0    @delay_ms1
     0     1     0     0     0    @const60
     9    41    43    39     0    lcd_read_byte
     5    17    15    15     0    lcd_send_nibble
     9    30    31    29     0    lcd_send_byte
    10    37    41    35     2    lcd_init
    11    19    19    19     1    lcd_gotoxy
     9    22    35    20     4    lcd_putc
    11    43    54    40     3    MAIN
     0     1     0     0     0    @ITOF
     0     1     0     0     0    @DIVFF
     0     1     0     0     0    @MULFF
     0     1     0     0     0    @FLT
     0     1     0     0     0    @const105
     0     1     0     0     0    @FTOSD
     0     1     0     0     0    @DIV3232
     0     1     0     0     0    @PRINTF_L32D_80FPFPF
     0     1     0     0     0    @SFTOI
